<?xml version="1.0" encoding="UTF-8"?>
<!-- Generated by org.testng.reporters.JUnitXMLReporter -->
<testsuite ignored="0" hostname="Vedant-Honor" failures="2" tests="9" name="ShoppersStack Test" time="165.238" errors="0" timestamp="2024-05-20T19:39:21 BST">
  <testcase classname="shopperstack.testcases.Register" name="verifyRegisteringAnAccountWithMandatoryFields" time="16.573"/>
  <testcase classname="shopperstack.testcases.Register" name="verifypasswordMisMatchs" time="19.911"/>
  <testcase classname="shopperstack.testcases.Login" name="verifyLoginWithInvalidEmailAndValidPassword" time="13.509"/>
  <testcase classname="shopperstack.testcases.Login" name="verifyLoginWithInvalidEmailandPassword" time="14.222"/>
  <testcase classname="shopperstack.testcases.Login" name="verifyLoginWithValidCredentials" time="10.537"/>
  <testcase classname="shopperstack.testcases.Login" name="verifyLoginWithValidCredentials" time="11.772"/>
  <testcase classname="shopperstack.testcases.Login" name="verifyLoginWithValidEmailAndInvalidPassword" time="11.045"/>
  <testcase classname="shopperstack.testcases.Login" name="verifyLoginWithoutProvidingCredentials" time="5.958">
    <failure type="java.lang.AssertionError" message="Error message is not displayed">
      <![CDATA[java.lang.AssertionError: Error message is not displayed
at shopperstack.testcases.Login.assertErrorMessageDisplayed(Login.java:78)
at shopperstack.testcases.Login.verifyLoginWithoutProvidingCredentials(Login.java:63)
at java.base/java.util.ArrayList.forEach(ArrayList.java:1511)
... Removed 28 stack frames]]>
    </failure>
  </testcase> <!-- verifyLoginWithoutProvidingCredentials -->
  <testcase classname="shopperstack.testcases.Login" name="verifyLoginWithoutProvidingCredentials" time="14.917">
    <failure type="java.lang.NullPointerException" message="Cannot invoke &amp;quot;org.openqa.selenium.TakesScreenshot.getScreenshotAs(org.openqa.selenium.OutputType)&amp;quot; because &amp;quot;driver&amp;quot; is null">
      <![CDATA[java.lang.NullPointerException: Cannot invoke "org.openqa.selenium.TakesScreenshot.getScreenshotAs(org.openqa.selenium.OutputType)" because "driver" is null
at genricUtilities.ReadTestData.captureScreenshot(ReadTestData.java:138)
at genricUtilities.MyListeners.onTestFailure(MyListeners.java:80)
at java.base/java.util.ArrayList.forEach(ArrayList.java:1511)
... Removed 24 stack frames]]>
    </failure>
  </testcase> <!-- verifyLoginWithoutProvidingCredentials -->
</testsuite> <!-- ShoppersStack Test -->
